


ARM Macro Assembler    Page 1 


    1 00000000                 PRESERVE8
    2 00000000                 THUMB
    3 00000000         
    4 00000000         
    5 00000000         ;code C  
    6 00000000         ;void timer_callback(void)
    7 00000000         ;{
    8 00000000         ; if (FlagCligno==1)
    9 00000000         ; {
   10 00000000         ;  FlagCligno=0;
   11 00000000         ;  GPIOB_Set(1);
   12 00000000         ; }
   13 00000000         ; else
   14 00000000         ; {
   15 00000000         ;  FlagCligno=1;
   16 00000000         ;  GPIOB_Clear(1);
   17 00000000         ; }
   18 00000000         ;  
   19 00000000         ;}
   20 00000000         
   21 00000000                 include          Driver/DriverJeuLaser.inc
    1 00000000         
    2 00000000         ; Bibliotheque DriverJeuLaser (ancienne gassp72 adaptée 
                       2021 - TR)
    3 00000000         ; Accès en aux fonctions suivantes :
    4 00000000         ; GPIO :
    5 00000000         ; GPIOA_Set(char Broche), GPIOB_Set(char Broche), GPIOC_
                       Set(char Broche)
    6 00000000         ; GPIOA_Clear(char Broche), GPIOB_Clear(char Broche), GP
                       IOC_Clear(char Broche)
    7 00000000         
    8 00000000         ; PWM :
    9 00000000         ;/**
   10 00000000         ; * @brief  Fixe une valeur de PWM, Val, en tick horloge
                       . La rapport cyclique effectif
   11 00000000         ; * est donc : rcy = Thaut_ticks / Periode_ticks
   12 00000000         ; * @note   spécifique Jeu Laser, PWM liée exclusivement
                        au TIM3, chan3
   13 00000000         ; * @param  Thaut_ticks : durée de l'état haut d'une imp
                       ulsion en Ticks
   14 00000000         ;  * @retval None
   15 00000000         ; */
   16 00000000         
   17 00000000         ;void PWM_Set_Value_TIM3_Ch3( unsigned short int Thaut_t
                       icks);
   18 00000000                 import           PWM_Set_Value_TIM3_Ch3
   19 00000000         
   20 00000000         
   21 00000000         
   22 00000000         ;/**
   23 00000000         ; * @brief  Mise à 1 d'une broche GPIO 
   24 00000000         ;  * @note   Une fonction par GPIO
   25 00000000         ; * @param  Broche : 0 à 15
   26 00000000         ; * @retval None
   27 00000000         ; */
   28 00000000         
   29 00000000         ;void GPIOA_Set(char Broche);
   30 00000000                 import           GPIOA_Set
   31 00000000         



ARM Macro Assembler    Page 2 


   32 00000000         ;void GPIOB_Set(char Broche);
   33 00000000                 import           GPIOB_Set
   34 00000000         
   35 00000000         ;void GPIOC_Set(char Broche);
   36 00000000                 import           GPIOC_Set
   37 00000000         
   38 00000000         
   39 00000000         
   40 00000000         ;/**
   41 00000000         ; * @brief  Mise à 0 d'une broche GPIO 
   42 00000000         ;  * @note   Une fonction par GPIO
   43 00000000         ; * @param  Broche : 0 à 15
   44 00000000         ; * @retval None
   45 00000000         ;  */
   46 00000000         
   47 00000000         ;void GPIOA_Clear(char Broche);
   48 00000000                 import           GPIOA_Clear
   49 00000000         
   50 00000000         ;void GPIOB_Clear(char Broche);
   51 00000000                 import           GPIOB_Clear
   52 00000000         
   53 00000000         ;void GPIOC_Clear(char Broche);
   54 00000000                 import           GPIOC_Clear
   55 00000000         
   56 00000000                 end
   22 00000000                 export           timer_callback
   23 00000000         
   24 00000000         ; ====================== zone de réservation de données,
                         ======================================
   25 00000000         ;Section RAM (read only) :
   26 00000000                 area             mesdata,data,readonly
   27 00000000         
   28 00000000         
   29 00000000         ;Section RAM (read write):
   30 00000000                 area             maram,data,readwrite
   31 00000000         
   32 00000000         
   33 00000000 00      FlagCligno
                               dcb              0
   34 00000001         ; ======================================================
                       =========================================
   35 00000001         
   36 00000001         
   37 00000001         
   38 00000001         
   39 00000001         ;Section ROM code (read only) :  
   40 00000001                 area             moncode,code,readonly
   41 00000000         ; écrire le code ici  
   42 00000000         
   43 00000000         ; Algo C
   44 00000000         ;void Timer_callback(void)
   45 00000000         ;{
   46 00000000         ; if (FlagCligno==1)
   47 00000000         ; {
   48 00000000         ;  FlagCligno=0;
   49 00000000         ;  GPIOB_Set(1);
   50 00000000         ; }
   51 00000000         ; else
   52 00000000         ; {



ARM Macro Assembler    Page 3 


   53 00000000         ;  FlagCligno=1;
   54 00000000         ;  GPIOB_CLear(1);
   55 00000000         ; }
   56 00000000         ;}
   57 00000000         
   58 00000000         timer_callback
                               proc
   59 00000000         Si
   60 00000000 4908            ldr              r1, =FlagCligno
   61 00000002 7808            ldrb             r0, [r1]
   62 00000004 1800            adds             r0, r0
   63 00000006 D007            beq              Sinon
   64 00000008         Alors
   65 00000008 F04F 0000       mov              r0, #0
   66 0000000C 7008            strb             r0, [r1]
   67 0000000E F04F 0001       mov              r0, #1
   68 00000012 F7FF FFFE       bl               GPIOB_Clear
   69 00000016 E004            b                FinSi
   70 00000018         Sinon
   71 00000018 F04F 0001       mov              r0, #1
   72 0000001C 7008            strb             r0, [r1]
   73 0000001E F7FF FFFE       bl               GPIOB_Set
   74 00000022         FinSi
   75 00000022 4770            bx               lr
   76 00000024                 endp
   77 00000024                 end
              00000000 
Command Line: --debug --xref --diag_suppress=9931 --cpu=Cortex-M3 --apcs=interw
ork --depend=.\obj\cligno.d -o.\obj\cligno.o -I.\RTE\_CibleSondeKEIL -IC:\Progr
amdata\Keil\Arm\Packs\ARM\CMSIS\5.7.0\CMSIS\Core\Include -IC:\Programdata\Keil\
Arm\Packs\Keil\STM32F1xx_DFP\2.3.0\Device\Include --predefine="__EVAL SETA 1" -
-predefine="__MICROLIB SETA 1" --predefine="__UVISION_VERSION SETA 530" --prede
fine="_RTE_ SETA 1" --predefine="STM32F10X_MD SETA 1" --predefine="_RTE_ SETA 1
" --list=cligno.lst Src\Cligno.s



ARM Macro Assembler    Page 1 Alphabetic symbol ordering
Relocatable symbols

mesdata 00000000

Symbol: mesdata
   Definitions
      At line 26 in file Src\Cligno.s
   Uses
      None
Comment: mesdata unused
1 symbol



ARM Macro Assembler    Page 1 Alphabetic symbol ordering
Relocatable symbols

FlagCligno 00000000

Symbol: FlagCligno
   Definitions
      At line 33 in file Src\Cligno.s
   Uses
      At line 60 in file Src\Cligno.s
Comment: FlagCligno used once
maram 00000000

Symbol: maram
   Definitions
      At line 30 in file Src\Cligno.s
   Uses
      None
Comment: maram unused
2 symbols



ARM Macro Assembler    Page 1 Alphabetic symbol ordering
Relocatable symbols

Alors 00000008

Symbol: Alors
   Definitions
      At line 64 in file Src\Cligno.s
   Uses
      None
Comment: Alors unused
FinSi 00000022

Symbol: FinSi
   Definitions
      At line 74 in file Src\Cligno.s
   Uses
      At line 69 in file Src\Cligno.s
Comment: FinSi used once
Si 00000000

Symbol: Si
   Definitions
      At line 59 in file Src\Cligno.s
   Uses
      None
Comment: Si unused
Sinon 00000018

Symbol: Sinon
   Definitions
      At line 70 in file Src\Cligno.s
   Uses
      At line 63 in file Src\Cligno.s
Comment: Sinon used once
moncode 00000000

Symbol: moncode
   Definitions
      At line 40 in file Src\Cligno.s
   Uses
      None
Comment: moncode unused
timer_callback 00000000

Symbol: timer_callback
   Definitions
      At line 58 in file Src\Cligno.s
   Uses
      At line 22 in file Src\Cligno.s
Comment: timer_callback used once
6 symbols



ARM Macro Assembler    Page 1 Alphabetic symbol ordering
External symbols

GPIOA_Clear 00000000

Symbol: GPIOA_Clear
   Definitions
      At line 48 in file Driver\DriverJeuLaser.inc
   Uses
      None
Comment: GPIOA_Clear unused
GPIOA_Set 00000000

Symbol: GPIOA_Set
   Definitions
      At line 30 in file Driver\DriverJeuLaser.inc
   Uses
      None
Comment: GPIOA_Set unused
GPIOB_Clear 00000000

Symbol: GPIOB_Clear
   Definitions
      At line 51 in file Driver\DriverJeuLaser.inc
   Uses
      At line 68 in file Src\Cligno.s
Comment: GPIOB_Clear used once
GPIOB_Set 00000000

Symbol: GPIOB_Set
   Definitions
      At line 33 in file Driver\DriverJeuLaser.inc
   Uses
      At line 73 in file Src\Cligno.s
Comment: GPIOB_Set used once
GPIOC_Clear 00000000

Symbol: GPIOC_Clear
   Definitions
      At line 54 in file Driver\DriverJeuLaser.inc
   Uses
      None
Comment: GPIOC_Clear unused
GPIOC_Set 00000000

Symbol: GPIOC_Set
   Definitions
      At line 36 in file Driver\DriverJeuLaser.inc
   Uses
      None
Comment: GPIOC_Set unused
PWM_Set_Value_TIM3_Ch3 00000000

Symbol: PWM_Set_Value_TIM3_Ch3
   Definitions
      At line 18 in file Driver\DriverJeuLaser.inc
   Uses
      None
Comment: PWM_Set_Value_TIM3_Ch3 unused
7 symbols
353 symbols in table
