


ARM Macro Assembler    Page 1 


    1 00000000                 PRESERVE8
    2 00000000                 THUMB
    3 00000000                 export           DFT_ModuleAuCarre
    4 00000000         
    5 00000000         
    6 00000000         ; ====================== zone de réservation de données,
                         ======================================
    7 00000000         ;Section RAM (read only) :
    8 00000000                 area             mesdata,data,readonly
    9 00000000         
   10 00000000         
   11 00000000         ;Section RAM (read write):
   12 00000000                 area             maram,data,readwrite
   13 00000000         
   14 00000000         ; ======================================================
                       =========================================
   15 00000000         
   16 00000000         
   17 00000000         
   18 00000000         
   19 00000000         ;Section ROM code (read only) :  
   20 00000000                 area             moncode,code,readonly
   21 00000000         ; écrire le code ici  
   22 00000000         
   23 00000000         DFT_ModuleAuCarre
                               proc
   24 00000000         
   25 00000000         ; Reel
   26 00000000 B503            push             {r0, r1, lr}
   27 00000002 F7FF FFFE       bl               Reel
   28 00000006 4602            mov              r2,r0
   29 00000008 E8BD 4003       pop{r0,          r1, lr}
   30 0000000C         ;Imaginaire
   31 0000000C B507            push{r0,         r1, r2, lr}
   32 0000000E F7FF FFFE       bl               Imaginaire
   33 00000012 4603            mov              r3,r0
   34 00000014 E8BD 4007       pop{r0,          r1, r2, lr}
   35 00000018         ;Carre des partie reelle et imaginaire, 10.54
   36 00000018 FB82 1002       smull            r1, r0, r2, r2
   37 0000001C FB83 2103       smull            r2, r1, r3, r3
   38 00000020         ;Addition bit de poid fort pour qvoir du 10.22
   39 00000020 4408            add              r0, r1
   40 00000022 4770            bx               lr
   41 00000024                 endp
   42 00000024         
   43 00000024         Reel    proc
   44 00000024         
   45 00000024 B4F0            push{r4,         r5, r6, r7}
   46 00000026 F04F 0200       mov              r2, #0      ; Somme Reelle
   47 0000002A F04F 0400       mov              r4, #0      ;n
   48 0000002E 4D15            ldr              r5, =TabCos
   49 00000030         
   50 00000030         TantQueReel
   51 00000030         
   52 00000030 F930 6014       ldrsh            r6, [r0, r4,lsl #1] ;ont met da
                                                            ns r6 x[n]
   53 00000034 FB01 F704       mul              r7,r1,r4    ;p
   54 00000038 F104 0401       add              r4,#1       ;incremente n
   55 0000003C F007 073F       and              r7,#63      ;p modulo 64, vrai 



ARM Macro Assembler    Page 2 


                                                            p
   56 00000040 F935 3017       ldrsh            r3, [r5, r7,lsl #1] ;ont met da
                                                            ns r8 TabCos[p]
   57 00000044 FB03 F306       mul              r3,r6       ; multiplication de
                                                             x(n) et TabCos(p)
   58 00000048 441A            add              r2,r3
   59 0000004A 2C40            cmp              r4, #64
   60 0000004C D1F0            bne              TantQueReel
   61 0000004E         
   62 0000004E         FinTantQueReel
   63 0000004E         
   64 0000004E 4610            mov              r0, r2
   65 00000050 BCF0            pop{r4,          r5, r6, r7}
   66 00000052 4770            bx               lr
   67 00000054                 endp
   68 00000054         
   69 00000054         
   70 00000054         
   71 00000054         
   72 00000054         Imaginaire
                               proc
   73 00000054         
   74 00000054 B4F0            push{r4,         r5, r6, r7}
   75 00000056 F04F 0200       mov              r2, #0      ; Somme Reelle
   76 0000005A F04F 0400       mov              r4, #0      ;n
   77 0000005E 4D0A            ldr              r5, =TabSin
   78 00000060         
   79 00000060         TantQueImaginaire
   80 00000060         
   81 00000060 F930 6014       ldrsh            r6, [r0, r4,lsl #1] ;ont met da
                                                            ns r6 x[n]
   82 00000064 FB01 F704       mul              r7,r1,r4    ;p
   83 00000068 F104 0401       add              r4,#1       ;incremente n
   84 0000006C F007 073F       and              r7,#63      ;p modulo 64, vrai 
                                                            p
   85 00000070 F935 3017       ldrsh            r3, [r5, r7,lsl #1] ;ont met da
                                                            ns r8 TabSin[p]
   86 00000074 FB03 F306       mul              r3,r6       ; multiplication de
                                                             x(n) et TabSin(p)
   87 00000078 441A            add              r2,r3
   88 0000007A 2C40            cmp              r4, #64
   89 0000007C D1F0            bne              TantQueImaginaire
   90 0000007E         
   91 0000007E         FinTantQueImaginaire
   92 0000007E         
   93 0000007E 4610            mov              r0, r2
   94 00000080 BCF0            pop{r4,          r5, r6, r7}
   95 00000082 4770            bx               lr
   96 00000084                 endp
   97 00000084         
   98 00000084         
   99 00000084         
  100 00000084         
  101 00000084         ;Section ROM code (read only) :  
  102 00000084 00000000 
              00000000         AREA             Trigo, DATA, READONLY
  103 00000000         ; codage fractionnaire 1.15
  104 00000000         
  105 00000000         TabCos



ARM Macro Assembler    Page 3 


  106 00000000 FF 7F           DCW              32767       ;  0 0x7fff  0.9999
                                                            7
  107 00000002 62 7F           DCW              32610       ;  1 0x7f62  0.9951
                                                            8
  108 00000004 8A 7D           DCW              32138       ;  2 0x7d8a  0.9807
                                                            7
  109 00000006 7D 7A           DCW              31357       ;  3 0x7a7d  0.9569
                                                            4
  110 00000008 42 76           DCW              30274       ;  4 0x7642  0.9238
                                                            9
  111 0000000A E3 70           DCW              28899       ;  5 0x70e3  0.8819
                                                            3
  112 0000000C 6E 6A           DCW              27246       ;  6 0x6a6e  0.8314
                                                            8
  113 0000000E F2 62           DCW              25330       ;  7 0x62f2  0.7730
                                                            1
  114 00000010 82 5A           DCW              23170       ;  8 0x5a82  0.7070
                                                            9
  115 00000012 34 51           DCW              20788       ;  9 0x5134  0.6344
                                                            0
  116 00000014 1D 47           DCW              18205       ; 10 0x471d  0.5555
                                                            7
  117 00000016 57 3C           DCW              15447       ; 11 0x3c57  0.4714
                                                            1
  118 00000018 FC 30           DCW              12540       ; 12 0x30fc  0.3826
                                                            9
  119 0000001A 28 25           DCW              9512        ; 13 0x2528  0.2902
                                                            8
  120 0000001C F9 18           DCW              6393        ; 14 0x18f9  0.1951
                                                            0
  121 0000001E 8C 0C           DCW              3212        ; 15 0x0c8c  0.0980
                                                            2
  122 00000020 00 00           DCW              0           ; 16 0x0000  0.0000
                                                            0
  123 00000022 74 F3           DCW              -3212       ; 17 0xf374 -0.0980
                                                            2
  124 00000024 07 E7           DCW              -6393       ; 18 0xe707 -0.1951
                                                            0
  125 00000026 D8 DA           DCW              -9512       ; 19 0xdad8 -0.2902
                                                            8
  126 00000028 04 CF           DCW              -12540      ; 20 0xcf04 -0.3826
                                                            9
  127 0000002A A9 C3           DCW              -15447      ; 21 0xc3a9 -0.4714
                                                            1
  128 0000002C E3 B8           DCW              -18205      ; 22 0xb8e3 -0.5555
                                                            7
  129 0000002E CC AE           DCW              -20788      ; 23 0xaecc -0.6344
                                                            0
  130 00000030 7E A5           DCW              -23170      ; 24 0xa57e -0.7070
                                                            9
  131 00000032 0E 9D           DCW              -25330      ; 25 0x9d0e -0.7730
                                                            1
  132 00000034 92 95           DCW              -27246      ; 26 0x9592 -0.8314
                                                            8
  133 00000036 1D 8F           DCW              -28899      ; 27 0x8f1d -0.8819
                                                            3
  134 00000038 BE 89           DCW              -30274      ; 28 0x89be -0.9238
                                                            9
  135 0000003A 83 85           DCW              -31357      ; 29 0x8583 -0.9569



ARM Macro Assembler    Page 4 


                                                            4
  136 0000003C 76 82           DCW              -32138      ; 30 0x8276 -0.9807
                                                            7
  137 0000003E 9E 80           DCW              -32610      ; 31 0x809e -0.9951
                                                            8
  138 00000040 00 80           DCW              -32768      ; 32 0x8000 -1.0000
                                                            0
  139 00000042 9E 80           DCW              -32610      ; 33 0x809e -0.9951
                                                            8
  140 00000044 76 82           DCW              -32138      ; 34 0x8276 -0.9807
                                                            7
  141 00000046 83 85           DCW              -31357      ; 35 0x8583 -0.9569
                                                            4
  142 00000048 BE 89           DCW              -30274      ; 36 0x89be -0.9238
                                                            9
  143 0000004A 1D 8F           DCW              -28899      ; 37 0x8f1d -0.8819
                                                            3
  144 0000004C 92 95           DCW              -27246      ; 38 0x9592 -0.8314
                                                            8
  145 0000004E 0E 9D           DCW              -25330      ; 39 0x9d0e -0.7730
                                                            1
  146 00000050 7E A5           DCW              -23170      ; 40 0xa57e -0.7070
                                                            9
  147 00000052 CC AE           DCW              -20788      ; 41 0xaecc -0.6344
                                                            0
  148 00000054 E3 B8           DCW              -18205      ; 42 0xb8e3 -0.5555
                                                            7
  149 00000056 A9 C3           DCW              -15447      ; 43 0xc3a9 -0.4714
                                                            1
  150 00000058 04 CF           DCW              -12540      ; 44 0xcf04 -0.3826
                                                            9
  151 0000005A D8 DA           DCW              -9512       ; 45 0xdad8 -0.2902
                                                            8
  152 0000005C 07 E7           DCW              -6393       ; 46 0xe707 -0.1951
                                                            0
  153 0000005E 74 F3           DCW              -3212       ; 47 0xf374 -0.0980
                                                            2
  154 00000060 00 00           DCW              0           ; 48 0x0000  0.0000
                                                            0
  155 00000062 8C 0C           DCW              3212        ; 49 0x0c8c  0.0980
                                                            2
  156 00000064 F9 18           DCW              6393        ; 50 0x18f9  0.1951
                                                            0
  157 00000066 28 25           DCW              9512        ; 51 0x2528  0.2902
                                                            8
  158 00000068 FC 30           DCW              12540       ; 52 0x30fc  0.3826
                                                            9
  159 0000006A 57 3C           DCW              15447       ; 53 0x3c57  0.4714
                                                            1
  160 0000006C 1D 47           DCW              18205       ; 54 0x471d  0.5555
                                                            7
  161 0000006E 34 51           DCW              20788       ; 55 0x5134  0.6344
                                                            0
  162 00000070 82 5A           DCW              23170       ; 56 0x5a82  0.7070
                                                            9
  163 00000072 F2 62           DCW              25330       ; 57 0x62f2  0.7730
                                                            1
  164 00000074 6E 6A           DCW              27246       ; 58 0x6a6e  0.8314
                                                            8



ARM Macro Assembler    Page 5 


  165 00000076 E3 70           DCW              28899       ; 59 0x70e3  0.8819
                                                            3
  166 00000078 42 76           DCW              30274       ; 60 0x7642  0.9238
                                                            9
  167 0000007A 7D 7A           DCW              31357       ; 61 0x7a7d  0.9569
                                                            4
  168 0000007C 8A 7D           DCW              32138       ; 62 0x7d8a  0.9807
                                                            7
  169 0000007E 62 7F           DCW              32610       ; 63 0x7f62  0.9951
                                                            8
  170 00000080         TabSin
  171 00000080 00 00           DCW              0           ;  0 0x0000  0.0000
                                                            0
  172 00000082 8C 0C           DCW              3212        ;  1 0x0c8c  0.0980
                                                            2
  173 00000084 F9 18           DCW              6393        ;  2 0x18f9  0.1951
                                                            0
  174 00000086 28 25           DCW              9512        ;  3 0x2528  0.2902
                                                            8
  175 00000088 FC 30           DCW              12540       ;  4 0x30fc  0.3826
                                                            9
  176 0000008A 57 3C           DCW              15447       ;  5 0x3c57  0.4714
                                                            1
  177 0000008C 1D 47           DCW              18205       ;  6 0x471d  0.5555
                                                            7
  178 0000008E 34 51           DCW              20788       ;  7 0x5134  0.6344
                                                            0
  179 00000090 82 5A           DCW              23170       ;  8 0x5a82  0.7070
                                                            9
  180 00000092 F2 62           DCW              25330       ;  9 0x62f2  0.7730
                                                            1
  181 00000094 6E 6A           DCW              27246       ; 10 0x6a6e  0.8314
                                                            8
  182 00000096 E3 70           DCW              28899       ; 11 0x70e3  0.8819
                                                            3
  183 00000098 42 76           DCW              30274       ; 12 0x7642  0.9238
                                                            9
  184 0000009A 7D 7A           DCW              31357       ; 13 0x7a7d  0.9569
                                                            4
  185 0000009C 8A 7D           DCW              32138       ; 14 0x7d8a  0.9807
                                                            7
  186 0000009E 62 7F           DCW              32610       ; 15 0x7f62  0.9951
                                                            8
  187 000000A0 FF 7F           DCW              32767       ; 16 0x7fff  0.9999
                                                            7
  188 000000A2 62 7F           DCW              32610       ; 17 0x7f62  0.9951
                                                            8
  189 000000A4 8A 7D           DCW              32138       ; 18 0x7d8a  0.9807
                                                            7
  190 000000A6 7D 7A           DCW              31357       ; 19 0x7a7d  0.9569
                                                            4
  191 000000A8 42 76           DCW              30274       ; 20 0x7642  0.9238
                                                            9
  192 000000AA E3 70           DCW              28899       ; 21 0x70e3  0.8819
                                                            3
  193 000000AC 6E 6A           DCW              27246       ; 22 0x6a6e  0.8314
                                                            8
  194 000000AE F2 62           DCW              25330       ; 23 0x62f2  0.7730
                                                            1



ARM Macro Assembler    Page 6 


  195 000000B0 82 5A           DCW              23170       ; 24 0x5a82  0.7070
                                                            9
  196 000000B2 34 51           DCW              20788       ; 25 0x5134  0.6344
                                                            0
  197 000000B4 1D 47           DCW              18205       ; 26 0x471d  0.5555
                                                            7
  198 000000B6 57 3C           DCW              15447       ; 27 0x3c57  0.4714
                                                            1
  199 000000B8 FC 30           DCW              12540       ; 28 0x30fc  0.3826
                                                            9
  200 000000BA 28 25           DCW              9512        ; 29 0x2528  0.2902
                                                            8
  201 000000BC F9 18           DCW              6393        ; 30 0x18f9  0.1951
                                                            0
  202 000000BE 8C 0C           DCW              3212        ; 31 0x0c8c  0.0980
                                                            2
  203 000000C0 00 00           DCW              0           ; 32 0x0000  0.0000
                                                            0
  204 000000C2 74 F3           DCW              -3212       ; 33 0xf374 -0.0980
                                                            2
  205 000000C4 07 E7           DCW              -6393       ; 34 0xe707 -0.1951
                                                            0
  206 000000C6 D8 DA           DCW              -9512       ; 35 0xdad8 -0.2902
                                                            8
  207 000000C8 04 CF           DCW              -12540      ; 36 0xcf04 -0.3826
                                                            9
  208 000000CA A9 C3           DCW              -15447      ; 37 0xc3a9 -0.4714
                                                            1
  209 000000CC E3 B8           DCW              -18205      ; 38 0xb8e3 -0.5555
                                                            7
  210 000000CE CC AE           DCW              -20788      ; 39 0xaecc -0.6344
                                                            0
  211 000000D0 7E A5           DCW              -23170      ; 40 0xa57e -0.7070
                                                            9
  212 000000D2 0E 9D           DCW              -25330      ; 41 0x9d0e -0.7730
                                                            1
  213 000000D4 92 95           DCW              -27246      ; 42 0x9592 -0.8314
                                                            8
  214 000000D6 1D 8F           DCW              -28899      ; 43 0x8f1d -0.8819
                                                            3
  215 000000D8 BE 89           DCW              -30274      ; 44 0x89be -0.9238
                                                            9
  216 000000DA 83 85           DCW              -31357      ; 45 0x8583 -0.9569
                                                            4
  217 000000DC 76 82           DCW              -32138      ; 46 0x8276 -0.9807
                                                            7
  218 000000DE 9E 80           DCW              -32610      ; 47 0x809e -0.9951
                                                            8
  219 000000E0 00 80           DCW              -32768      ; 48 0x8000 -1.0000
                                                            0
  220 000000E2 9E 80           DCW              -32610      ; 49 0x809e -0.9951
                                                            8
  221 000000E4 76 82           DCW              -32138      ; 50 0x8276 -0.9807
                                                            7
  222 000000E6 83 85           DCW              -31357      ; 51 0x8583 -0.9569
                                                            4
  223 000000E8 BE 89           DCW              -30274      ; 52 0x89be -0.9238
                                                            9
  224 000000EA 1D 8F           DCW              -28899      ; 53 0x8f1d -0.8819



ARM Macro Assembler    Page 7 


                                                            3
  225 000000EC 92 95           DCW              -27246      ; 54 0x9592 -0.8314
                                                            8
  226 000000EE 0E 9D           DCW              -25330      ; 55 0x9d0e -0.7730
                                                            1
  227 000000F0 7E A5           DCW              -23170      ; 56 0xa57e -0.7070
                                                            9
  228 000000F2 CC AE           DCW              -20788      ; 57 0xaecc -0.6344
                                                            0
  229 000000F4 E3 B8           DCW              -18205      ; 58 0xb8e3 -0.5555
                                                            7
  230 000000F6 A9 C3           DCW              -15447      ; 59 0xc3a9 -0.4714
                                                            1
  231 000000F8 04 CF           DCW              -12540      ; 60 0xcf04 -0.3826
                                                            9
  232 000000FA D8 DA           DCW              -9512       ; 61 0xdad8 -0.2902
                                                            8
  233 000000FC 07 E7           DCW              -6393       ; 62 0xe707 -0.1951
                                                            0
  234 000000FE 74 F3           DCW              -3212       ; 63 0xf374 -0.0980
                                                            2
  235 00000100         
  236 00000100         
  237 00000100         
  238 00000100         
  239 00000100                 END
Command Line: --debug --xref --diag_suppress=9931 --cpu=Cortex-M3 --apcs=interw
ork --depend=.\obj\dft.d -o.\obj\dft.o -I.\RTE\_CibleSondeKEIL -IC:\Programdata
\Keil\Arm\Packs\ARM\CMSIS\5.7.0\CMSIS\Core\Include -IC:\Programdata\Keil\Arm\Pa
cks\Keil\STM32F1xx_DFP\2.3.0\Device\Include --predefine="__EVAL SETA 1" --prede
fine="__MICROLIB SETA 1" --predefine="__UVISION_VERSION SETA 530" --predefine="
_RTE_ SETA 1" --predefine="STM32F10X_MD SETA 1" --predefine="_RTE_ SETA 1" --li
st=dft.lst Src\DFT.s



ARM Macro Assembler    Page 1 Alphabetic symbol ordering
Relocatable symbols

mesdata 00000000

Symbol: mesdata
   Definitions
      At line 8 in file Src\DFT.s
   Uses
      None
Comment: mesdata unused
1 symbol



ARM Macro Assembler    Page 1 Alphabetic symbol ordering
Relocatable symbols

maram 00000000

Symbol: maram
   Definitions
      At line 12 in file Src\DFT.s
   Uses
      None
Comment: maram unused
1 symbol



ARM Macro Assembler    Page 1 Alphabetic symbol ordering
Relocatable symbols

DFT_ModuleAuCarre 00000000

Symbol: DFT_ModuleAuCarre
   Definitions
      At line 23 in file Src\DFT.s
   Uses
      At line 3 in file Src\DFT.s
Comment: DFT_ModuleAuCarre used once
FinTantQueImaginaire 0000007E

Symbol: FinTantQueImaginaire
   Definitions
      At line 91 in file Src\DFT.s
   Uses
      None
Comment: FinTantQueImaginaire unused
FinTantQueReel 0000004E

Symbol: FinTantQueReel
   Definitions
      At line 62 in file Src\DFT.s
   Uses
      None
Comment: FinTantQueReel unused
Imaginaire 00000054

Symbol: Imaginaire
   Definitions
      At line 72 in file Src\DFT.s
   Uses
      At line 32 in file Src\DFT.s
Comment: Imaginaire used once
Reel 00000024

Symbol: Reel
   Definitions
      At line 43 in file Src\DFT.s
   Uses
      At line 27 in file Src\DFT.s
Comment: Reel used once
TantQueImaginaire 00000060

Symbol: TantQueImaginaire
   Definitions
      At line 79 in file Src\DFT.s
   Uses
      At line 89 in file Src\DFT.s
Comment: TantQueImaginaire used once
TantQueReel 00000030

Symbol: TantQueReel
   Definitions
      At line 50 in file Src\DFT.s
   Uses
      At line 60 in file Src\DFT.s
Comment: TantQueReel used once
moncode 00000000

Symbol: moncode



ARM Macro Assembler    Page 2 Alphabetic symbol ordering
Relocatable symbols

   Definitions
      At line 20 in file Src\DFT.s
   Uses
      None
Comment: moncode unused
8 symbols



ARM Macro Assembler    Page 1 Alphabetic symbol ordering
Relocatable symbols

TabCos 00000000

Symbol: TabCos
   Definitions
      At line 105 in file Src\DFT.s
   Uses
      At line 48 in file Src\DFT.s
Comment: TabCos used once
TabSin 00000080

Symbol: TabSin
   Definitions
      At line 170 in file Src\DFT.s
   Uses
      At line 77 in file Src\DFT.s
Comment: TabSin used once
Trigo 00000000

Symbol: Trigo
   Definitions
      At line 102 in file Src\DFT.s
   Uses
      None
Comment: Trigo unused
3 symbols
350 symbols in table
