


ARM Macro Assembler    Page 1 


    1 00000000                 PRESERVE8
    2 00000000                 THUMB
    3 00000000         
    4 00000000                 include          Driver/DriverJeuLaser.inc
    1 00000000         
    2 00000000         ; Bibliotheque DriverJeuLaser (ancienne gassp72 adaptée 
                       2021 - TR)
    3 00000000         ; Accès en aux fonctions suivantes :
    4 00000000         ; GPIO :
    5 00000000         ; GPIOA_Set(char Broche), GPIOB_Set(char Broche), GPIOC_
                       Set(char Broche)
    6 00000000         ; GPIOA_Clear(char Broche), GPIOB_Clear(char Broche), GP
                       IOC_Clear(char Broche)
    7 00000000         
    8 00000000         ; PWM :
    9 00000000         ;/**
   10 00000000         ; * @brief  Fixe une valeur de PWM, Val, en tick horloge
                       . La rapport cyclique effectif
   11 00000000         ; * est donc : rcy = Thaut_ticks / Periode_ticks
   12 00000000         ; * @note   spécifique Jeu Laser, PWM liée exclusivement
                        au TIM3, chan3
   13 00000000         ; * @param  Thaut_ticks : durée de l'état haut d'une imp
                       ulsion en Ticks
   14 00000000         ;  * @retval None
   15 00000000         ; */
   16 00000000         
   17 00000000         ;void PWM_Set_Value_TIM3_Ch3( unsigned short int Thaut_t
                       icks);
   18 00000000                 import           PWM_Set_Value_TIM3_Ch3
   19 00000000         
   20 00000000         
   21 00000000         
   22 00000000         ;/**
   23 00000000         ; * @brief  Mise à 1 d'une broche GPIO 
   24 00000000         ;  * @note   Une fonction par GPIO
   25 00000000         ; * @param  Broche : 0 à 15
   26 00000000         ; * @retval None
   27 00000000         ; */
   28 00000000         
   29 00000000         ;void GPIOA_Set(char Broche);
   30 00000000                 import           GPIOA_Set
   31 00000000         
   32 00000000         ;void GPIOB_Set(char Broche);
   33 00000000                 import           GPIOB_Set
   34 00000000         
   35 00000000         ;void GPIOC_Set(char Broche);
   36 00000000                 import           GPIOC_Set
   37 00000000         
   38 00000000         
   39 00000000         
   40 00000000         ;/**
   41 00000000         ; * @brief  Mise à 0 d'une broche GPIO 
   42 00000000         ;  * @note   Une fonction par GPIO
   43 00000000         ; * @param  Broche : 0 à 15
   44 00000000         ; * @retval None
   45 00000000         ;  */
   46 00000000         
   47 00000000         ;void GPIOA_Clear(char Broche);
   48 00000000                 import           GPIOA_Clear



ARM Macro Assembler    Page 2 


   49 00000000         
   50 00000000         ;void GPIOB_Clear(char Broche);
   51 00000000                 import           GPIOB_Clear
   52 00000000         
   53 00000000         ;void GPIOC_Clear(char Broche);
   54 00000000                 import           GPIOC_Clear
   55 00000000         
   56 00000000                 end
    5 00000000                 export           CallbackSon
    6 00000000                 export           StartSon
    7 00000000                 export           InitSon
    8 00000000                 import           Son
    9 00000000                 import           LongueurSon
   10 00000000         ; ====================== zone de réservation de données,
                         ======================================
   11 00000000         ;Section RAM (read only) :
   12 00000000                 area             mesdata,data,readonly
   13 00000000         
   14 00000000         
   15 00000000         ;Section RAM (read write):
   16 00000000                 area             maram,data,readwrite
   17 00000000         
   18 00000000 00 00   SortieSon
                               dcw              0
   19 00000002 00 00 00000000 
                       Index   dcd              0
   20 00000008         ; ======================================================
                       =========================================
   21 00000008         
   22 00000008         
   23 00000008         
   24 00000008         
   25 00000008         ;Section ROM code (read only) :  
   26 00000008                 area             moncode,code,readonly
   27 00000000         ; écrire le code ici 
   28 00000000         
   29 00000000         InitSon proc
   30 00000000 4815            ldr              r0, =Index
   31 00000002 4916            ldr              r1, =LongueurSon
   32 00000004 6809            ldr              r1, [r1]
   33 00000006 6001            str              r1, [r0]
   34 00000008 4770            bx               lr
   35 0000000A                 endp
   36 0000000A         
   37 0000000A         StartSon
                               proc
   38 0000000A 4813            ldr              r0, =Index
   39 0000000C F04F 0100       mov              r1, #0
   40 00000010 6001            str              r1, [r0]
   41 00000012 4770            bx               lr
   42 00000014                 endp
   43 00000014         
   44 00000014         CallbackSon
                               proc
   45 00000014 B470            push{r4,         r5, r6}
   46 00000016 4810            ldr              r0, =Index
   47 00000018 4911            ldr              r1, =SortieSon
   48 0000001A 4A12            ldr              r2, =Son
   49 0000001C 4B0F            ldr              r3, =LongueurSon



ARM Macro Assembler    Page 3 


   50 0000001E 6804            ldr              r4, [r0]
   51 00000020 681B            ldr              r3, [r3]
   52 00000022 F04F 0502       mov              r5, #2
   53 00000026 FB03 F305       mul              r3, r5
   54 0000002A 1B1B            subs             r3, r4
   55 0000002C D012            beq              FinSi
   56 0000002E         Si
   57 0000002E 5F16            ldrsh            r6, [r2, r4]
   58 00000030 F240 25CF       mov              r5, #719
   59 00000034 F506 4600       add              r6, #32768
   60 00000038 FB06 F605       mul              r6, r5
   61 0000003C EA4F 4616       lsr              r6, #16
   62 00000040 800E            strh             r6, [r1]
   63 00000042 B50F            push             {r0, r1, r2, r3, lr}
   64 00000044 4630            mov              r0, r6
   65 00000046 F7FF FFFE       bl               PWM_Set_Value_TIM3_Ch3
   66 0000004A E8BD 400F       pop              {r0, r1, r2, r3, lr}
   67 0000004E F104 0402       add              r4, #2
   68 00000052 6004            str              r4, [r0]
   69 00000054         FinSi
   70 00000054 BC70            pop{r4,          r5, r6}
   71 00000056 4770            bx               lr
   72 00000058                 endp
   73 00000058                 end
              00000000 
              00000000 
              00000000 
              00000000 
Command Line: --debug --xref --diag_suppress=9931 --cpu=Cortex-M3 --apcs=interw
ork --depend=.\obj\gestionson.d -o.\obj\gestionson.o -I.\RTE\_CibleSondeKEIL -I
C:\Programdata\Keil\Arm\Packs\ARM\CMSIS\5.7.0\CMSIS\Core\Include -IC:\Programda
ta\Keil\Arm\Packs\Keil\STM32F1xx_DFP\2.3.0\Device\Include --predefine="__EVAL S
ETA 1" --predefine="__MICROLIB SETA 1" --predefine="__UVISION_VERSION SETA 530"
 --predefine="_RTE_ SETA 1" --predefine="STM32F10X_MD SETA 1" --predefine="_RTE
_ SETA 1" --list=gestionson.lst Src\GestionSon.s



ARM Macro Assembler    Page 1 Alphabetic symbol ordering
Relocatable symbols

mesdata 00000000

Symbol: mesdata
   Definitions
      At line 12 in file Src\GestionSon.s
   Uses
      None
Comment: mesdata unused
1 symbol



ARM Macro Assembler    Page 1 Alphabetic symbol ordering
Relocatable symbols

Index 00000004

Symbol: Index
   Definitions
      At line 19 in file Src\GestionSon.s
   Uses
      At line 30 in file Src\GestionSon.s
      At line 38 in file Src\GestionSon.s
      At line 46 in file Src\GestionSon.s

SortieSon 00000000

Symbol: SortieSon
   Definitions
      At line 18 in file Src\GestionSon.s
   Uses
      At line 47 in file Src\GestionSon.s
Comment: SortieSon used once
maram 00000000

Symbol: maram
   Definitions
      At line 16 in file Src\GestionSon.s
   Uses
      None
Comment: maram unused
3 symbols



ARM Macro Assembler    Page 1 Alphabetic symbol ordering
Relocatable symbols

CallbackSon 00000014

Symbol: CallbackSon
   Definitions
      At line 44 in file Src\GestionSon.s
   Uses
      At line 5 in file Src\GestionSon.s
Comment: CallbackSon used once
FinSi 00000054

Symbol: FinSi
   Definitions
      At line 69 in file Src\GestionSon.s
   Uses
      At line 55 in file Src\GestionSon.s
Comment: FinSi used once
InitSon 00000000

Symbol: InitSon
   Definitions
      At line 29 in file Src\GestionSon.s
   Uses
      At line 7 in file Src\GestionSon.s
Comment: InitSon used once
Si 0000002E

Symbol: Si
   Definitions
      At line 56 in file Src\GestionSon.s
   Uses
      None
Comment: Si unused
StartSon 0000000A

Symbol: StartSon
   Definitions
      At line 37 in file Src\GestionSon.s
   Uses
      At line 6 in file Src\GestionSon.s
Comment: StartSon used once
moncode 00000000

Symbol: moncode
   Definitions
      At line 26 in file Src\GestionSon.s
   Uses
      None
Comment: moncode unused
6 symbols



ARM Macro Assembler    Page 1 Alphabetic symbol ordering
External symbols

GPIOA_Clear 00000000

Symbol: GPIOA_Clear
   Definitions
      At line 48 in file Driver\DriverJeuLaser.inc
   Uses
      None
Comment: GPIOA_Clear unused
GPIOA_Set 00000000

Symbol: GPIOA_Set
   Definitions
      At line 30 in file Driver\DriverJeuLaser.inc
   Uses
      None
Comment: GPIOA_Set unused
GPIOB_Clear 00000000

Symbol: GPIOB_Clear
   Definitions
      At line 51 in file Driver\DriverJeuLaser.inc
   Uses
      None
Comment: GPIOB_Clear unused
GPIOB_Set 00000000

Symbol: GPIOB_Set
   Definitions
      At line 33 in file Driver\DriverJeuLaser.inc
   Uses
      None
Comment: GPIOB_Set unused
GPIOC_Clear 00000000

Symbol: GPIOC_Clear
   Definitions
      At line 54 in file Driver\DriverJeuLaser.inc
   Uses
      None
Comment: GPIOC_Clear unused
GPIOC_Set 00000000

Symbol: GPIOC_Set
   Definitions
      At line 36 in file Driver\DriverJeuLaser.inc
   Uses
      None
Comment: GPIOC_Set unused
LongueurSon 00000000

Symbol: LongueurSon
   Definitions
      At line 9 in file Src\GestionSon.s
   Uses
      At line 31 in file Src\GestionSon.s
      At line 49 in file Src\GestionSon.s

PWM_Set_Value_TIM3_Ch3 00000000




ARM Macro Assembler    Page 2 Alphabetic symbol ordering
External symbols

Symbol: PWM_Set_Value_TIM3_Ch3
   Definitions
      At line 18 in file Driver\DriverJeuLaser.inc
   Uses
      At line 65 in file Src\GestionSon.s
Comment: PWM_Set_Value_TIM3_Ch3 used once
Son 00000000

Symbol: Son
   Definitions
      At line 8 in file Src\GestionSon.s
   Uses
      At line 48 in file Src\GestionSon.s
Comment: Son used once
9 symbols
356 symbols in table
