


ARM Macro Assembler    Page 1 


    1 00000000                 PRESERVE8
    2 00000000                 THUMB
    3 00000000         
    4 00000000                 include          Driver/DriverJeuLaser.inc
    1 00000000         
    2 00000000         ; Bibliotheque DriverJeuLaser (ancienne gassp72 adaptée 
                       2021 - TR)
    3 00000000         ; Accès en aux fonctions suivantes :
    4 00000000         ; GPIO :
    5 00000000         ; GPIOA_Set(char Broche), GPIOB_Set(char Broche), GPIOC_
                       Set(char Broche)
    6 00000000         ; GPIOA_Clear(char Broche), GPIOB_Clear(char Broche), GP
                       IOC_Clear(char Broche)
    7 00000000         
    8 00000000         ; PWM :
    9 00000000         ;/**
   10 00000000         ; * @brief  Fixe une valeur de PWM, Val, en tick horloge
                       . La rapport cyclique effectif
   11 00000000         ; * est donc : rcy = Thaut_ticks / Periode_ticks
   12 00000000         ; * @note   spécifique Jeu Laser, PWM liée exclusivement
                        au TIM3, chan3
   13 00000000         ; * @param  Thaut_ticks : durée de l'état haut d'une imp
                       ulsion en Ticks
   14 00000000         ;  * @retval None
   15 00000000         ; */
   16 00000000         
   17 00000000         ;void PWM_Set_Value_TIM3_Ch3( unsigned short int Thaut_t
                       icks);
   18 00000000                 import           PWM_Set_Value_TIM3_Ch3
   19 00000000         
   20 00000000         
   21 00000000         
   22 00000000         ;/**
   23 00000000         ; * @brief  Mise à 1 d'une broche GPIO 
   24 00000000         ;  * @note   Une fonction par GPIO
   25 00000000         ; * @param  Broche : 0 à 15
   26 00000000         ; * @retval None
   27 00000000         ; */
   28 00000000         
   29 00000000         ;void GPIOA_Set(char Broche);
   30 00000000                 import           GPIOA_Set
   31 00000000         
   32 00000000         ;void GPIOB_Set(char Broche);
   33 00000000                 import           GPIOB_Set
   34 00000000         
   35 00000000         ;void GPIOC_Set(char Broche);
   36 00000000                 import           GPIOC_Set
   37 00000000         
   38 00000000         
   39 00000000         
   40 00000000         ;/**
   41 00000000         ; * @brief  Mise à 0 d'une broche GPIO 
   42 00000000         ;  * @note   Une fonction par GPIO
   43 00000000         ; * @param  Broche : 0 à 15
   44 00000000         ; * @retval None
   45 00000000         ;  */
   46 00000000         
   47 00000000         ;void GPIOA_Clear(char Broche);
   48 00000000                 import           GPIOA_Clear



ARM Macro Assembler    Page 2 


   49 00000000         
   50 00000000         ;void GPIOB_Clear(char Broche);
   51 00000000                 import           GPIOB_Clear
   52 00000000         
   53 00000000         ;void GPIOC_Clear(char Broche);
   54 00000000                 import           GPIOC_Clear
   55 00000000         
   56 00000000                 end
    5 00000000                 export           CallbackSon
    6 00000000                 export           StartSon
    7 00000000                 import           Son
    8 00000000                 import           LongueurSon
    9 00000000         ; ====================== zone de réservation de données,
                         ======================================
   10 00000000         ;Section RAM (read only) :
   11 00000000                 area             mesdata,data,readonly
   12 00000000         
   13 00000000         
   14 00000000         ;Section RAM (read write):
   15 00000000                 area             maram,data,readwrite
   16 00000000         
   17 00000000 00 00   SortieSon
                               dcw              0
   18 00000002 00 00 00000000 
                       Index   dcd              0
   19 00000008         ; ======================================================
                       =========================================
   20 00000008         
   21 00000008         
   22 00000008         
   23 00000008         
   24 00000008         ;Section ROM code (read only) :  
   25 00000008                 area             moncode,code,readonly
   26 00000000         ; écrire le code ici  
   27 00000000         StartSon
                               proc
   28 00000000 4813            ldr              r0, =Index
   29 00000002 F04F 0100       mov              r1, #0
   30 00000006 6001            str              r1, [r0]
   31 00000008 4770            bx               lr
   32 0000000A                 endp
   33 0000000A         
   34 0000000A         CallbackSon
                               proc
   35 0000000A B470            push{r4,         r5, r6}
   36 0000000C 4810            ldr              r0, =Index
   37 0000000E 4911            ldr              r1, =SortieSon
   38 00000010 4A11            ldr              r2, =Son
   39 00000012 4B12            ldr              r3, =LongueurSon
   40 00000014 6804            ldr              r4, [r0]
   41 00000016 681B            ldr              r3, [r3]
   42 00000018 F04F 0502       mov              r5, #2
   43 0000001C FB03 F305       mul              r3, r5
   44 00000020 1B1B            subs             r3, r4
   45 00000022 D012            beq              FinSi
   46 00000024         Si
   47 00000024 5F16            ldrsh            r6, [r2, r4]
   48 00000026 F240 25CF       mov              r5, #719
   49 0000002A F506 4600       add              r6, #32768



ARM Macro Assembler    Page 3 


   50 0000002E FB06 F605       mul              r6, r5
   51 00000032 EA4F 4616       lsr              r6, #16
   52 00000036 800E            strh             r6, [r1]
   53 00000038 B50F            push             {r0, r1, r2, r3, lr}
   54 0000003A 4630            mov              r0, r6
   55 0000003C F7FF FFFE       bl               PWM_Set_Value_TIM3_Ch3
   56 00000040 E8BD 400F       pop              {r0, r1, r2, r3, lr}
   57 00000044 F104 0402       add              r4, #2
   58 00000048 6004            str              r4, [r0]
   59 0000004A         FinSi
   60 0000004A BC70            pop{r4,          r5, r6}
   61 0000004C 4770            bx               lr
   62 0000004E                 endp
   63 0000004E                 end
              00 00 00000000 
              00000000 
              00000000 
              00000000 
Command Line: --debug --xref --diag_suppress=9931 --cpu=Cortex-M3 --apcs=interw
ork --depend=.\obj\gestionson.d -o.\obj\gestionson.o -I.\RTE\_CibleSondeKEIL -I
C:\Programdata\Keil\Arm\Packs\ARM\CMSIS\5.7.0\CMSIS\Core\Include -IC:\Programda
ta\Keil\Arm\Packs\Keil\STM32F1xx_DFP\2.3.0\Device\Include --predefine="__EVAL S
ETA 1" --predefine="__MICROLIB SETA 1" --predefine="__UVISION_VERSION SETA 530"
 --predefine="_RTE_ SETA 1" --predefine="STM32F10X_MD SETA 1" --predefine="_RTE
_ SETA 1" --list=gestionson.lst Src\GestionSon.s



ARM Macro Assembler    Page 1 Alphabetic symbol ordering
Relocatable symbols

mesdata 00000000

Symbol: mesdata
   Definitions
      At line 11 in file Src\GestionSon.s
   Uses
      None
Comment: mesdata unused
1 symbol



ARM Macro Assembler    Page 1 Alphabetic symbol ordering
Relocatable symbols

Index 00000004

Symbol: Index
   Definitions
      At line 18 in file Src\GestionSon.s
   Uses
      At line 28 in file Src\GestionSon.s
      At line 36 in file Src\GestionSon.s

SortieSon 00000000

Symbol: SortieSon
   Definitions
      At line 17 in file Src\GestionSon.s
   Uses
      At line 37 in file Src\GestionSon.s
Comment: SortieSon used once
maram 00000000

Symbol: maram
   Definitions
      At line 15 in file Src\GestionSon.s
   Uses
      None
Comment: maram unused
3 symbols



ARM Macro Assembler    Page 1 Alphabetic symbol ordering
Relocatable symbols

CallbackSon 0000000A

Symbol: CallbackSon
   Definitions
      At line 34 in file Src\GestionSon.s
   Uses
      At line 5 in file Src\GestionSon.s
Comment: CallbackSon used once
FinSi 0000004A

Symbol: FinSi
   Definitions
      At line 59 in file Src\GestionSon.s
   Uses
      At line 45 in file Src\GestionSon.s
Comment: FinSi used once
Si 00000024

Symbol: Si
   Definitions
      At line 46 in file Src\GestionSon.s
   Uses
      None
Comment: Si unused
StartSon 00000000

Symbol: StartSon
   Definitions
      At line 27 in file Src\GestionSon.s
   Uses
      At line 6 in file Src\GestionSon.s
Comment: StartSon used once
moncode 00000000

Symbol: moncode
   Definitions
      At line 25 in file Src\GestionSon.s
   Uses
      None
Comment: moncode unused
5 symbols



ARM Macro Assembler    Page 1 Alphabetic symbol ordering
External symbols

GPIOA_Clear 00000000

Symbol: GPIOA_Clear
   Definitions
      At line 48 in file Driver\DriverJeuLaser.inc
   Uses
      None
Comment: GPIOA_Clear unused
GPIOA_Set 00000000

Symbol: GPIOA_Set
   Definitions
      At line 30 in file Driver\DriverJeuLaser.inc
   Uses
      None
Comment: GPIOA_Set unused
GPIOB_Clear 00000000

Symbol: GPIOB_Clear
   Definitions
      At line 51 in file Driver\DriverJeuLaser.inc
   Uses
      None
Comment: GPIOB_Clear unused
GPIOB_Set 00000000

Symbol: GPIOB_Set
   Definitions
      At line 33 in file Driver\DriverJeuLaser.inc
   Uses
      None
Comment: GPIOB_Set unused
GPIOC_Clear 00000000

Symbol: GPIOC_Clear
   Definitions
      At line 54 in file Driver\DriverJeuLaser.inc
   Uses
      None
Comment: GPIOC_Clear unused
GPIOC_Set 00000000

Symbol: GPIOC_Set
   Definitions
      At line 36 in file Driver\DriverJeuLaser.inc
   Uses
      None
Comment: GPIOC_Set unused
LongueurSon 00000000

Symbol: LongueurSon
   Definitions
      At line 8 in file Src\GestionSon.s
   Uses
      At line 39 in file Src\GestionSon.s
Comment: LongueurSon used once
PWM_Set_Value_TIM3_Ch3 00000000

Symbol: PWM_Set_Value_TIM3_Ch3



ARM Macro Assembler    Page 2 Alphabetic symbol ordering
External symbols

   Definitions
      At line 18 in file Driver\DriverJeuLaser.inc
   Uses
      At line 55 in file Src\GestionSon.s
Comment: PWM_Set_Value_TIM3_Ch3 used once
Son 00000000

Symbol: Son
   Definitions
      At line 7 in file Src\GestionSon.s
   Uses
      At line 38 in file Src\GestionSon.s
Comment: Son used once
9 symbols
355 symbols in table
