


ARM Macro Assembler    Page 1 


    1 00000000                 PRESERVE8
    2 00000000                 THUMB
    3 00000000                 export           DFT_ModuleAuCarre
    4 00000000         
    5 00000000         
    6 00000000         ; ====================== zone de réservation de données,
                         ======================================
    7 00000000         ;Section RAM (read only) :
    8 00000000                 area             mesdata,data,readonly
    9 00000000         
   10 00000000         
   11 00000000         ;Section RAM (read write):
   12 00000000                 area             maram,data,readwrite
   13 00000000         
   14 00000000         ; ======================================================
                       =========================================
   15 00000000         
   16 00000000         
   17 00000000         
   18 00000000         
   19 00000000         ;Section ROM code (read only) :  
   20 00000000                 area             moncode,code,readonly
   21 00000000         ; écrire le code ici  
   22 00000000         
   23 00000000         DFT_ModuleAuCarre
                               proc
   24 00000000         
   25 00000000         ; Reel
   26 00000000 B503            push             {r0, r1, lr}
   27 00000002 F7FF FFFE       bl               Reel
   28 00000006 4602            mov              r2,r0
   29 00000008 E8BD 4003       pop{r0,          r1, lr}
   30 0000000C         ;Imaginaire
   31 0000000C         ;push{r0, r1, r2, lr}
   32 0000000C         ;bl Imaginaire
   33 0000000C         ;mov r3,r0
   34 0000000C         ;pop{r0, r1, r2, lr}
   35 0000000C         ;Carre des partie reelle et imaginaire, 10.54
   36 0000000C         ;smull r1, r0, r2, r2
   37 0000000C         ;smull r2, r1, r3, r3
   38 0000000C         ;Addition bit de poid fort pour qvoir du 10.22
   39 0000000C         ;add r0, r1
   40 0000000C 4610            mov              r0,r2
   41 0000000E 4770            bx               lr
   42 00000010                 endp
   43 00000010         
   44 00000010         Reel    proc
   45 00000010         
   46 00000010 B4F0            push{r4,         r5, r6, r7}
   47 00000012 F04F 0200       mov              r2, #0      ; Somme Reelle
   48 00000016 F04F 0400       mov              r4, #0      ;n
   49 0000001A 4D15            ldr              r5, =TabCos
   50 0000001C         
   51 0000001C         TantQueReel
   52 0000001C         
   53 0000001C F930 6014       ldrsh            r6, [r0, r4,lsl #1] ;ont met da
                                                            ns r6 x[n]
   54 00000020 FB01 F704       mul              r7,r1,r4    ;p
   55 00000024 F104 0401       add              r4,#1       ;incremente n



ARM Macro Assembler    Page 2 


   56 00000028 F007 0740       and              r7,#64      ;p modulo 64, vrai 
                                                            p
   57 0000002C F935 3017       ldrsh            r3, [r5, r7,lsl #1] ;ont met da
                                                            ns r8 TabCos[p]
   58 00000030 FB03 F306       mul              r3,r6       ; multiplication de
                                                             x(n) et TabCos(p)
   59 00000034 441A            add              r2,r3
   60 00000036 2C40            cmp              r4, #64
   61 00000038 D1F0            bne              TantQueReel
   62 0000003A         
   63 0000003A         FinTantQueReel
   64 0000003A         
   65 0000003A 4610            mov              r0, r2
   66 0000003C BCF0            pop{r4,          r5, r6, r7}
   67 0000003E 4770            bx               lr
   68 00000040                 endp
   69 00000040         
   70 00000040         
   71 00000040         
   72 00000040         
   73 00000040         Imaginaire
                               proc
   74 00000040         
   75 00000040 B4F0            push{r4,         r5, r6, r7}
   76 00000042 F04F 0200       mov              r2, #0      ; Somme Reelle
   77 00000046 F04F 0400       mov              r4, #0      ;n
   78 0000004A 4D0A            ldr              r5, =TabSin
   79 0000004C         
   80 0000004C         TantQueImaginaire
   81 0000004C         
   82 0000004C F930 6014       ldrsh            r6, [r0, r4,lsl #1] ;ont met da
                                                            ns r6 x[n]
   83 00000050 FB01 F704       mul              r7,r1,r4    ;p
   84 00000054 F104 0401       add              r4,#1       ;incremente n
   85 00000058 F007 0740       and              r7,#64      ;p modulo 64, vrai 
                                                            p
   86 0000005C F935 3017       ldrsh            r3, [r5, r7,lsl #1] ;ont met da
                                                            ns r8 TabSin[p]
   87 00000060 FB03 F306       mul              r3,r6       ; multiplication de
                                                             x(n) et TabSin(p)
   88 00000064 441A            add              r2,r3
   89 00000066 2C40            cmp              r4, #64
   90 00000068 D1F0            bne              TantQueImaginaire
   91 0000006A         
   92 0000006A         FinTantQueImaginaire
   93 0000006A         
   94 0000006A 4610            mov              r0, r2
   95 0000006C BCF0            pop{r4,          r5, r6, r7}
   96 0000006E 4770            bx               lr
   97 00000070                 endp
   98 00000070         
   99 00000070         
  100 00000070         
  101 00000070         
  102 00000070         ;Section ROM code (read only) :  
  103 00000070 00000000 
              00000000         AREA             Trigo, DATA, READONLY
  104 00000000         ; codage fractionnaire 1.15
  105 00000000         



ARM Macro Assembler    Page 3 


  106 00000000         TabCos
  107 00000000 FF 7F           DCW              32767       ;  0 0x7fff  0.9999
                                                            7
  108 00000002 62 7F           DCW              32610       ;  1 0x7f62  0.9951
                                                            8
  109 00000004 8A 7D           DCW              32138       ;  2 0x7d8a  0.9807
                                                            7
  110 00000006 7D 7A           DCW              31357       ;  3 0x7a7d  0.9569
                                                            4
  111 00000008 42 76           DCW              30274       ;  4 0x7642  0.9238
                                                            9
  112 0000000A E3 70           DCW              28899       ;  5 0x70e3  0.8819
                                                            3
  113 0000000C 6E 6A           DCW              27246       ;  6 0x6a6e  0.8314
                                                            8
  114 0000000E F2 62           DCW              25330       ;  7 0x62f2  0.7730
                                                            1
  115 00000010 82 5A           DCW              23170       ;  8 0x5a82  0.7070
                                                            9
  116 00000012 34 51           DCW              20788       ;  9 0x5134  0.6344
                                                            0
  117 00000014 1D 47           DCW              18205       ; 10 0x471d  0.5555
                                                            7
  118 00000016 57 3C           DCW              15447       ; 11 0x3c57  0.4714
                                                            1
  119 00000018 FC 30           DCW              12540       ; 12 0x30fc  0.3826
                                                            9
  120 0000001A 28 25           DCW              9512        ; 13 0x2528  0.2902
                                                            8
  121 0000001C F9 18           DCW              6393        ; 14 0x18f9  0.1951
                                                            0
  122 0000001E 8C 0C           DCW              3212        ; 15 0x0c8c  0.0980
                                                            2
  123 00000020 00 00           DCW              0           ; 16 0x0000  0.0000
                                                            0
  124 00000022 74 F3           DCW              -3212       ; 17 0xf374 -0.0980
                                                            2
  125 00000024 07 E7           DCW              -6393       ; 18 0xe707 -0.1951
                                                            0
  126 00000026 D8 DA           DCW              -9512       ; 19 0xdad8 -0.2902
                                                            8
  127 00000028 04 CF           DCW              -12540      ; 20 0xcf04 -0.3826
                                                            9
  128 0000002A A9 C3           DCW              -15447      ; 21 0xc3a9 -0.4714
                                                            1
  129 0000002C E3 B8           DCW              -18205      ; 22 0xb8e3 -0.5555
                                                            7
  130 0000002E CC AE           DCW              -20788      ; 23 0xaecc -0.6344
                                                            0
  131 00000030 7E A5           DCW              -23170      ; 24 0xa57e -0.7070
                                                            9
  132 00000032 0E 9D           DCW              -25330      ; 25 0x9d0e -0.7730
                                                            1
  133 00000034 92 95           DCW              -27246      ; 26 0x9592 -0.8314
                                                            8
  134 00000036 1D 8F           DCW              -28899      ; 27 0x8f1d -0.8819
                                                            3
  135 00000038 BE 89           DCW              -30274      ; 28 0x89be -0.9238
                                                            9



ARM Macro Assembler    Page 4 


  136 0000003A 83 85           DCW              -31357      ; 29 0x8583 -0.9569
                                                            4
  137 0000003C 76 82           DCW              -32138      ; 30 0x8276 -0.9807
                                                            7
  138 0000003E 9E 80           DCW              -32610      ; 31 0x809e -0.9951
                                                            8
  139 00000040 00 80           DCW              -32768      ; 32 0x8000 -1.0000
                                                            0
  140 00000042 9E 80           DCW              -32610      ; 33 0x809e -0.9951
                                                            8
  141 00000044 76 82           DCW              -32138      ; 34 0x8276 -0.9807
                                                            7
  142 00000046 83 85           DCW              -31357      ; 35 0x8583 -0.9569
                                                            4
  143 00000048 BE 89           DCW              -30274      ; 36 0x89be -0.9238
                                                            9
  144 0000004A 1D 8F           DCW              -28899      ; 37 0x8f1d -0.8819
                                                            3
  145 0000004C 92 95           DCW              -27246      ; 38 0x9592 -0.8314
                                                            8
  146 0000004E 0E 9D           DCW              -25330      ; 39 0x9d0e -0.7730
                                                            1
  147 00000050 7E A5           DCW              -23170      ; 40 0xa57e -0.7070
                                                            9
  148 00000052 CC AE           DCW              -20788      ; 41 0xaecc -0.6344
                                                            0
  149 00000054 E3 B8           DCW              -18205      ; 42 0xb8e3 -0.5555
                                                            7
  150 00000056 A9 C3           DCW              -15447      ; 43 0xc3a9 -0.4714
                                                            1
  151 00000058 04 CF           DCW              -12540      ; 44 0xcf04 -0.3826
                                                            9
  152 0000005A D8 DA           DCW              -9512       ; 45 0xdad8 -0.2902
                                                            8
  153 0000005C 07 E7           DCW              -6393       ; 46 0xe707 -0.1951
                                                            0
  154 0000005E 74 F3           DCW              -3212       ; 47 0xf374 -0.0980
                                                            2
  155 00000060 00 00           DCW              0           ; 48 0x0000  0.0000
                                                            0
  156 00000062 8C 0C           DCW              3212        ; 49 0x0c8c  0.0980
                                                            2
  157 00000064 F9 18           DCW              6393        ; 50 0x18f9  0.1951
                                                            0
  158 00000066 28 25           DCW              9512        ; 51 0x2528  0.2902
                                                            8
  159 00000068 FC 30           DCW              12540       ; 52 0x30fc  0.3826
                                                            9
  160 0000006A 57 3C           DCW              15447       ; 53 0x3c57  0.4714
                                                            1
  161 0000006C 1D 47           DCW              18205       ; 54 0x471d  0.5555
                                                            7
  162 0000006E 34 51           DCW              20788       ; 55 0x5134  0.6344
                                                            0
  163 00000070 82 5A           DCW              23170       ; 56 0x5a82  0.7070
                                                            9
  164 00000072 F2 62           DCW              25330       ; 57 0x62f2  0.7730
                                                            1
  165 00000074 6E 6A           DCW              27246       ; 58 0x6a6e  0.8314



ARM Macro Assembler    Page 5 


                                                            8
  166 00000076 E3 70           DCW              28899       ; 59 0x70e3  0.8819
                                                            3
  167 00000078 42 76           DCW              30274       ; 60 0x7642  0.9238
                                                            9
  168 0000007A 7D 7A           DCW              31357       ; 61 0x7a7d  0.9569
                                                            4
  169 0000007C 8A 7D           DCW              32138       ; 62 0x7d8a  0.9807
                                                            7
  170 0000007E 62 7F           DCW              32610       ; 63 0x7f62  0.9951
                                                            8
  171 00000080         TabSin
  172 00000080 00 00           DCW              0           ;  0 0x0000  0.0000
                                                            0
  173 00000082 8C 0C           DCW              3212        ;  1 0x0c8c  0.0980
                                                            2
  174 00000084 F9 18           DCW              6393        ;  2 0x18f9  0.1951
                                                            0
  175 00000086 28 25           DCW              9512        ;  3 0x2528  0.2902
                                                            8
  176 00000088 FC 30           DCW              12540       ;  4 0x30fc  0.3826
                                                            9
  177 0000008A 57 3C           DCW              15447       ;  5 0x3c57  0.4714
                                                            1
  178 0000008C 1D 47           DCW              18205       ;  6 0x471d  0.5555
                                                            7
  179 0000008E 34 51           DCW              20788       ;  7 0x5134  0.6344
                                                            0
  180 00000090 82 5A           DCW              23170       ;  8 0x5a82  0.7070
                                                            9
  181 00000092 F2 62           DCW              25330       ;  9 0x62f2  0.7730
                                                            1
  182 00000094 6E 6A           DCW              27246       ; 10 0x6a6e  0.8314
                                                            8
  183 00000096 E3 70           DCW              28899       ; 11 0x70e3  0.8819
                                                            3
  184 00000098 42 76           DCW              30274       ; 12 0x7642  0.9238
                                                            9
  185 0000009A 7D 7A           DCW              31357       ; 13 0x7a7d  0.9569
                                                            4
  186 0000009C 8A 7D           DCW              32138       ; 14 0x7d8a  0.9807
                                                            7
  187 0000009E 62 7F           DCW              32610       ; 15 0x7f62  0.9951
                                                            8
  188 000000A0 FF 7F           DCW              32767       ; 16 0x7fff  0.9999
                                                            7
  189 000000A2 62 7F           DCW              32610       ; 17 0x7f62  0.9951
                                                            8
  190 000000A4 8A 7D           DCW              32138       ; 18 0x7d8a  0.9807
                                                            7
  191 000000A6 7D 7A           DCW              31357       ; 19 0x7a7d  0.9569
                                                            4
  192 000000A8 42 76           DCW              30274       ; 20 0x7642  0.9238
                                                            9
  193 000000AA E3 70           DCW              28899       ; 21 0x70e3  0.8819
                                                            3
  194 000000AC 6E 6A           DCW              27246       ; 22 0x6a6e  0.8314
                                                            8
  195 000000AE F2 62           DCW              25330       ; 23 0x62f2  0.7730



ARM Macro Assembler    Page 6 


                                                            1
  196 000000B0 82 5A           DCW              23170       ; 24 0x5a82  0.7070
                                                            9
  197 000000B2 34 51           DCW              20788       ; 25 0x5134  0.6344
                                                            0
  198 000000B4 1D 47           DCW              18205       ; 26 0x471d  0.5555
                                                            7
  199 000000B6 57 3C           DCW              15447       ; 27 0x3c57  0.4714
                                                            1
  200 000000B8 FC 30           DCW              12540       ; 28 0x30fc  0.3826
                                                            9
  201 000000BA 28 25           DCW              9512        ; 29 0x2528  0.2902
                                                            8
  202 000000BC F9 18           DCW              6393        ; 30 0x18f9  0.1951
                                                            0
  203 000000BE 8C 0C           DCW              3212        ; 31 0x0c8c  0.0980
                                                            2
  204 000000C0 00 00           DCW              0           ; 32 0x0000  0.0000
                                                            0
  205 000000C2 74 F3           DCW              -3212       ; 33 0xf374 -0.0980
                                                            2
  206 000000C4 07 E7           DCW              -6393       ; 34 0xe707 -0.1951
                                                            0
  207 000000C6 D8 DA           DCW              -9512       ; 35 0xdad8 -0.2902
                                                            8
  208 000000C8 04 CF           DCW              -12540      ; 36 0xcf04 -0.3826
                                                            9
  209 000000CA A9 C3           DCW              -15447      ; 37 0xc3a9 -0.4714
                                                            1
  210 000000CC E3 B8           DCW              -18205      ; 38 0xb8e3 -0.5555
                                                            7
  211 000000CE CC AE           DCW              -20788      ; 39 0xaecc -0.6344
                                                            0
  212 000000D0 7E A5           DCW              -23170      ; 40 0xa57e -0.7070
                                                            9
  213 000000D2 0E 9D           DCW              -25330      ; 41 0x9d0e -0.7730
                                                            1
  214 000000D4 92 95           DCW              -27246      ; 42 0x9592 -0.8314
                                                            8
  215 000000D6 1D 8F           DCW              -28899      ; 43 0x8f1d -0.8819
                                                            3
  216 000000D8 BE 89           DCW              -30274      ; 44 0x89be -0.9238
                                                            9
  217 000000DA 83 85           DCW              -31357      ; 45 0x8583 -0.9569
                                                            4
  218 000000DC 76 82           DCW              -32138      ; 46 0x8276 -0.9807
                                                            7
  219 000000DE 9E 80           DCW              -32610      ; 47 0x809e -0.9951
                                                            8
  220 000000E0 00 80           DCW              -32768      ; 48 0x8000 -1.0000
                                                            0
  221 000000E2 9E 80           DCW              -32610      ; 49 0x809e -0.9951
                                                            8
  222 000000E4 76 82           DCW              -32138      ; 50 0x8276 -0.9807
                                                            7
  223 000000E6 83 85           DCW              -31357      ; 51 0x8583 -0.9569
                                                            4
  224 000000E8 BE 89           DCW              -30274      ; 52 0x89be -0.9238
                                                            9



ARM Macro Assembler    Page 7 


  225 000000EA 1D 8F           DCW              -28899      ; 53 0x8f1d -0.8819
                                                            3
  226 000000EC 92 95           DCW              -27246      ; 54 0x9592 -0.8314
                                                            8
  227 000000EE 0E 9D           DCW              -25330      ; 55 0x9d0e -0.7730
                                                            1
  228 000000F0 7E A5           DCW              -23170      ; 56 0xa57e -0.7070
                                                            9
  229 000000F2 CC AE           DCW              -20788      ; 57 0xaecc -0.6344
                                                            0
  230 000000F4 E3 B8           DCW              -18205      ; 58 0xb8e3 -0.5555
                                                            7
  231 000000F6 A9 C3           DCW              -15447      ; 59 0xc3a9 -0.4714
                                                            1
  232 000000F8 04 CF           DCW              -12540      ; 60 0xcf04 -0.3826
                                                            9
  233 000000FA D8 DA           DCW              -9512       ; 61 0xdad8 -0.2902
                                                            8
  234 000000FC 07 E7           DCW              -6393       ; 62 0xe707 -0.1951
                                                            0
  235 000000FE 74 F3           DCW              -3212       ; 63 0xf374 -0.0980
                                                            2
  236 00000100         
  237 00000100         
  238 00000100         
  239 00000100         
  240 00000100                 END
Command Line: --debug --xref --diag_suppress=9931 --cpu=Cortex-M3 --apcs=interw
ork --depend=.\obj\dft.d -o.\obj\dft.o -I.\RTE\_Simu -IC:\Programdata\Keil\Arm\
Packs\ARM\CMSIS\5.7.0\CMSIS\Core\Include -IC:\Programdata\Keil\Arm\Packs\Keil\S
TM32F1xx_DFP\2.3.0\Device\Include --predefine="__EVAL SETA 1" --predefine="__MI
CROLIB SETA 1" --predefine="__UVISION_VERSION SETA 530" --predefine="_RTE_ SETA
 1" --predefine="STM32F10X_MD SETA 1" --predefine="_RTE_ SETA 1" --list=dft.lst
 Src\DFT.s



ARM Macro Assembler    Page 1 Alphabetic symbol ordering
Relocatable symbols

mesdata 00000000

Symbol: mesdata
   Definitions
      At line 8 in file Src\DFT.s
   Uses
      None
Comment: mesdata unused
1 symbol



ARM Macro Assembler    Page 1 Alphabetic symbol ordering
Relocatable symbols

maram 00000000

Symbol: maram
   Definitions
      At line 12 in file Src\DFT.s
   Uses
      None
Comment: maram unused
1 symbol



ARM Macro Assembler    Page 1 Alphabetic symbol ordering
Relocatable symbols

DFT_ModuleAuCarre 00000000

Symbol: DFT_ModuleAuCarre
   Definitions
      At line 23 in file Src\DFT.s
   Uses
      At line 3 in file Src\DFT.s
Comment: DFT_ModuleAuCarre used once
FinTantQueImaginaire 0000006A

Symbol: FinTantQueImaginaire
   Definitions
      At line 92 in file Src\DFT.s
   Uses
      None
Comment: FinTantQueImaginaire unused
FinTantQueReel 0000003A

Symbol: FinTantQueReel
   Definitions
      At line 63 in file Src\DFT.s
   Uses
      None
Comment: FinTantQueReel unused
Imaginaire 00000040

Symbol: Imaginaire
   Definitions
      At line 73 in file Src\DFT.s
   Uses
      None
Comment: Imaginaire unused
Reel 00000010

Symbol: Reel
   Definitions
      At line 44 in file Src\DFT.s
   Uses
      At line 27 in file Src\DFT.s
Comment: Reel used once
TantQueImaginaire 0000004C

Symbol: TantQueImaginaire
   Definitions
      At line 80 in file Src\DFT.s
   Uses
      At line 90 in file Src\DFT.s
Comment: TantQueImaginaire used once
TantQueReel 0000001C

Symbol: TantQueReel
   Definitions
      At line 51 in file Src\DFT.s
   Uses
      At line 61 in file Src\DFT.s
Comment: TantQueReel used once
moncode 00000000

Symbol: moncode



ARM Macro Assembler    Page 2 Alphabetic symbol ordering
Relocatable symbols

   Definitions
      At line 20 in file Src\DFT.s
   Uses
      None
Comment: moncode unused
8 symbols



ARM Macro Assembler    Page 1 Alphabetic symbol ordering
Relocatable symbols

TabCos 00000000

Symbol: TabCos
   Definitions
      At line 106 in file Src\DFT.s
   Uses
      At line 49 in file Src\DFT.s
Comment: TabCos used once
TabSin 00000080

Symbol: TabSin
   Definitions
      At line 171 in file Src\DFT.s
   Uses
      At line 78 in file Src\DFT.s
Comment: TabSin used once
Trigo 00000000

Symbol: Trigo
   Definitions
      At line 103 in file Src\DFT.s
   Uses
      None
Comment: Trigo unused
3 symbols
350 symbols in table
